<?xml version="1.0" encoding="UTF-8"?>
<!-- Generated by org.testng.reporters.JUnitXMLReporter -->
<testsuite hostname="MVIDYADHAR" ignored="0" name="Surefire test" tests="3" failures="0" timestamp="28 Feb 2019 10:23:43 GMT" time="19.828" errors="0">
  <testcase name="verifyLoginPageTitleTest" time="0.01" classname="com.qa.hubspot.tests.LoginTest"/>
  <testcase name="verifySignUpLinkTest" time="0.058" classname="com.qa.hubspot.tests.LoginTest"/>
  <testcase name="loginCorrectCredentialsTest" time="1.61" classname="com.qa.hubspot.tests.LoginTest"/>
</testsuite> <!-- Surefire test -->
